c:\chatscript\vs2015\debug mongo\vc140.pdb
c:\chatscript\vs2015\debug mongo\vc140.idb
c:\chatscript\vs2015\debug mongo\functionexecute.obj
c:\chatscript\vs2015\debug mongo\infer.obj
c:\chatscript\vs2015\debug mongo\mainsystem.obj
c:\chatscript\vs2015\debug mongo\marksystem.obj
c:\chatscript\vs2015\debug mongo\outputsystem.obj
c:\chatscript\vs2015\debug mongo\patternsystem.obj
c:\chatscript\vs2015\debug mongo\postgres.obj
c:\chatscript\vs2015\debug mongo\privatesrc.obj
c:\chatscript\vs2015\debug mongo\scriptcompile.obj
c:\chatscript\vs2015\debug mongo\secure.obj
c:\chatscript\vs2015\debug mongo\spellcheck.obj
c:\chatscript\vs2015\debug mongo\systemvariables.obj
c:\chatscript\vs2015\debug mongo\tagger.obj
c:\chatscript\vs2015\debug mongo\testing.obj
c:\chatscript\vs2015\debug mongo\textutilities.obj
c:\chatscript\vs2015\debug mongo\tokensystem.obj
c:\chatscript\vs2015\debug mongo\topicsystem.obj
c:\chatscript\vs2015\debug mongo\usercache.obj
c:\chatscript\vs2015\debug mongo\usersystem.obj
c:\chatscript\vs2015\debug mongo\variablesystem.obj
c:\chatscript\vs2015\debug mongo\constructcode.obj
c:\chatscript\vs2015\debug mongo\csocket.obj
c:\chatscript\vs2015\debug mongo\dictionarysystem.obj
c:\chatscript\vs2015\debug mongo\english.obj
c:\chatscript\vs2015\debug mongo\englishtagger.obj
c:\chatscript\vs2015\debug mongo\evserver.obj
c:\chatscript\vs2015\debug mongo\factsystem.obj
c:\chatscript\vs2015\debug mongo\javascript.obj
c:\chatscript\vs2015\debug mongo\jsmn.obj
c:\chatscript\vs2015\debug mongo\json.obj
c:\chatscript\vs2015\debug mongo\mongodb.obj
c:\chatscript\vs2015\debug mongo\mysql.obj
c:\chatscript\vs2015\debug mongo\os.obj
c:\chatscript\vs2015\debug mongo\cs_ev.obj
c:\chatscript\binaries\chatscriptmongo.ilk
c:\chatscript\binaries\chatscriptmongo.exe
c:\chatscript\binaries\chatscriptmongo.pdb
c:\chatscript\vs2015\..\binaries\chatscriptmongo.pdb
c:\chatscript\vs2015\..\binaries\chatscriptmongo.exe
c:\chatscript\vs2015\..\binaries\chatscriptmongo.ilk
c:\chatscript\vs2015\debug mongo\chatscript.tlog\cl.command.1.tlog
c:\chatscript\vs2015\debug mongo\chatscript.tlog\cl.read.1.tlog
c:\chatscript\vs2015\debug mongo\chatscript.tlog\cl.write.1.tlog
c:\chatscript\vs2015\debug mongo\chatscript.tlog\link.command.1.tlog
c:\chatscript\vs2015\debug mongo\chatscript.tlog\link.read.1.tlog
c:\chatscript\vs2015\debug mongo\chatscript.tlog\link.write.1.tlog
