Build started 1/28/2017 11:42:03 AM.
     1>Project "C:\ChatScript\VS2015\chatscript.vcxproj" on node 2 (Build target(s)).
     1>InitializeBuildStatus:
         Touching "Debug Mongo\chatscript.tlog\unsuccessfulbuild".
       ClCompile:
         All outputs are up-to-date.
         All outputs are up-to-date.
       Link:
         C:\Program Files (x86)\Microsoft Visual Studio 14.0\VC\bin\link.exe /ERRORREPORT:PROMPT /OUT:"..\BINARIES\ChatScriptmongo.exe" /INCREMENTAL /NOLOGO kernel32.lib user32.lib gdi32.lib winspool.lib comdlg32.lib advapi32.lib shell32.lib ole32.lib oleaut32.lib uuid.lib odbc32.lib odbccp32.lib kernel32.lib user32.lib gdi32.lib winspool.lib comdlg32.lib advapi32.lib shell32.lib ole32.lib oleaut32.lib uuid.lib odbc32.lib odbccp32.lib /MANIFEST:NO /DEBUG /PDB:"C:\ChatScript\VS2015\..\BINARIES\ChatScriptmongo.pdb" /SUBSYSTEM:CONSOLE /TLBID:1 /DYNAMICBASE /NXCOMPAT /IMPLIB:"C:\ChatScript\VS2015\..\BINARIES\ChatScriptmongo.lib" /MACHINE:X86 "Debug Mongo\constructCode.obj"
         "Debug Mongo\csocket.obj"
         "Debug Mongo\cs_ev.obj"
         "Debug Mongo\dictionarySystem.obj"
         "Debug Mongo\english.obj"
         "Debug Mongo\englishtagger.obj"
         "Debug Mongo\evserver.obj"
         "Debug Mongo\factSystem.obj"
         "Debug Mongo\javascript.obj"
         "Debug Mongo\jsmn.obj"
         "Debug Mongo\json.obj"
         "Debug Mongo\mongodb.obj"
         "Debug Mongo\mysql.obj"
         "Debug Mongo\os.obj"
         "Debug Mongo\functionExecute.obj"
         "Debug Mongo\infer.obj"
         "Debug Mongo\mainSystem.obj"
         "Debug Mongo\markSystem.obj"
         "Debug Mongo\outputSystem.obj"
         "Debug Mongo\patternSystem.obj"
         "Debug Mongo\postgres.obj"
         "Debug Mongo\privatesrc.obj"
         "Debug Mongo\scriptCompile.obj"
         "Debug Mongo\secure.obj"
         "Debug Mongo\spellcheck.obj"
         "Debug Mongo\systemVariables.obj"
         "Debug Mongo\tagger.obj"
         "Debug Mongo\testing.obj"
         "Debug Mongo\textUtilities.obj"
         "Debug Mongo\tokenSystem.obj"
         "Debug Mongo\topicSystem.obj"
         "Debug Mongo\userCache.obj"
         "Debug Mongo\userSystem.obj"
         "Debug Mongo\variableSystem.obj"
         chatscript.vcxproj -> C:\ChatScript\VS2015\..\BINARIES\ChatScriptmongo.exe
         chatscript.vcxproj -> C:\ChatScript\VS2015\..\BINARIES\ChatScriptmongo.pdb (Full PDB)
       FinalizeBuildStatus:
         Deleting file "Debug Mongo\chatscript.tlog\unsuccessfulbuild".
         Touching "Debug Mongo\chatscript.tlog\chatscript.lastbuildstate".
     1>Done Building Project "C:\ChatScript\VS2015\chatscript.vcxproj" (Build target(s)).

Build succeeded.

Time Elapsed 00:00:02.00
