c:\chatscript\vs2015\debug postgres\vc140.pdb
c:\chatscript\vs2015\debug postgres\vc140.idb
c:\chatscript\vs2015\debug postgres\functionexecute.obj
c:\chatscript\vs2015\debug postgres\infer.obj
c:\chatscript\vs2015\debug postgres\mainsystem.obj
c:\chatscript\vs2015\debug postgres\marksystem.obj
c:\chatscript\vs2015\debug postgres\outputsystem.obj
c:\chatscript\vs2015\debug postgres\patternsystem.obj
c:\chatscript\vs2015\debug postgres\postgres.obj
c:\chatscript\vs2015\debug postgres\privatesrc.obj
c:\chatscript\vs2015\debug postgres\scriptcompile.obj
c:\chatscript\vs2015\debug postgres\secure.obj
c:\chatscript\vs2015\debug postgres\spellcheck.obj
c:\chatscript\vs2015\debug postgres\systemvariables.obj
c:\chatscript\vs2015\debug postgres\tagger.obj
c:\chatscript\vs2015\debug postgres\testing.obj
c:\chatscript\vs2015\debug postgres\textutilities.obj
c:\chatscript\vs2015\debug postgres\tokensystem.obj
c:\chatscript\vs2015\debug postgres\topicsystem.obj
c:\chatscript\vs2015\debug postgres\usercache.obj
c:\chatscript\vs2015\debug postgres\usersystem.obj
c:\chatscript\vs2015\debug postgres\variablesystem.obj
c:\chatscript\vs2015\debug postgres\constructcode.obj
c:\chatscript\vs2015\debug postgres\csocket.obj
c:\chatscript\vs2015\debug postgres\dictionarysystem.obj
c:\chatscript\vs2015\debug postgres\english.obj
c:\chatscript\vs2015\debug postgres\englishtagger.obj
c:\chatscript\vs2015\debug postgres\evserver.obj
c:\chatscript\vs2015\debug postgres\factsystem.obj
c:\chatscript\vs2015\debug postgres\javascript.obj
c:\chatscript\vs2015\debug postgres\jsmn.obj
c:\chatscript\vs2015\debug postgres\json.obj
c:\chatscript\vs2015\debug postgres\mongodb.obj
c:\chatscript\vs2015\debug postgres\mysql.obj
c:\chatscript\vs2015\debug postgres\os.obj
c:\chatscript\vs2015\debug postgres\cs_ev.obj
c:\chatscript\binaries\chatscriptpg.ilk
c:\chatscript\binaries\chatscriptpg.exe
c:\chatscript\binaries\chatscript.pdb
c:\chatscript\vs2015\..\binaries\chatscript.pdb
c:\chatscript\vs2015\debug postgres\chatscript.tlog\cl.command.1.tlog
c:\chatscript\vs2015\debug postgres\chatscript.tlog\cl.read.1.tlog
c:\chatscript\vs2015\debug postgres\chatscript.tlog\cl.write.1.tlog
c:\chatscript\vs2015\debug postgres\chatscript.tlog\link.command.1.tlog
c:\chatscript\vs2015\debug postgres\chatscript.tlog\link.read.1.tlog
c:\chatscript\vs2015\debug postgres\chatscript.tlog\link.write.1.tlog
