Build started 1/28/2017 11:43:02 AM.
     1>Project "C:\ChatScript\VS2015\chatscript.vcxproj" on node 2 (Build target(s)).
     1>InitializeBuildStatus:
         Touching "Debug Postgres\chatscript.tlog\unsuccessfulbuild".
       ClCompile:
         C:\Program Files (x86)\Microsoft Visual Studio 14.0\VC\bin\CL.exe /c /I..\lib\libev /I..\SRC\curl /I..\SRC\mongo\bson /I..\SRC\mongo\mongoc /ZI /nologo /W4 /WX- /Od /Ob0 /Oy- /D SAFETIME /D WIN32 /D _DEBUG /D _CONSOLE /D _MBCS /UDISCARDPOSTGRES /GF /Gm /EHsc /RTC1 /MTd /GS /fp:fast /Zc:wchar_t /Zc:forScope /Zc:inline /Fo"Debug Postgres\\" /Fd"Debug Postgres\vc140.pdb" /Gd /TP /analyze- /errorReport:prompt /J ..\SRC\testing.cpp
         testing.cpp
     1>c:\chatscript\src\testing.cpp(160): warning C4459: declaration of 'all' hides global declaration
         c:\chatscript\src\mainsystem.h(121): note: see declaration of 'all'
     1>c:\chatscript\src\testing.cpp(205): warning C4459: declaration of 'all' hides global declaration
         c:\chatscript\src\mainsystem.h(121): note: see declaration of 'all'
     1>c:\chatscript\src\testing.cpp(283): warning C4457: declaration of 'D' hides function parameter
         c:\chatscript\src\testing.cpp(274): note: see declaration of 'D'
     1>c:\chatscript\src\testing.cpp(541): warning C4459: declaration of 'topic' hides global declaration
         c:\chatscript\src\mainsystem.h(140): note: see declaration of 'topic'
     1>c:\chatscript\src\testing.cpp(549): warning C4457: declaration of 'input' hides function parameter
         c:\chatscript\src\testing.cpp(467): note: see declaration of 'input'
     1>c:\chatscript\src\testing.cpp(612): warning C4459: declaration of 'silent' hides global declaration
         c:\chatscript\src\os.h(187): note: see declaration of 'silent'
     1>c:\chatscript\src\testing.cpp(677): warning C4459: declaration of 'topic' hides global declaration
         c:\chatscript\src\mainsystem.h(140): note: see declaration of 'topic'
     1>c:\chatscript\src\testing.cpp(777): warning C4456: declaration of 'at' hides previous local declaration
         c:\chatscript\src\testing.cpp(611): note: see declaration of 'at'
     1>c:\chatscript\src\testing.cpp(800): warning C4456: declaration of 'len' hides previous local declaration
         c:\chatscript\src\testing.cpp(636): note: see declaration of 'len'
     1>c:\chatscript\src\testing.cpp(1127): warning C4456: declaration of 'at' hides previous local declaration
         c:\chatscript\src\testing.cpp(1046): note: see declaration of 'at'
     1>c:\chatscript\src\testing.cpp(1129): warning C4456: declaration of 'var' hides previous local declaration
         c:\chatscript\src\testing.cpp(1042): note: see declaration of 'var'
     1>c:\chatscript\src\testing.cpp(1148): warning C4456: declaration of 'at' hides previous local declaration
         c:\chatscript\src\testing.cpp(1046): note: see declaration of 'at'
     1>c:\chatscript\src\testing.cpp(1156): warning C4456: declaration of 'var' hides previous local declaration
         c:\chatscript\src\testing.cpp(1042): note: see declaration of 'var'
     1>c:\chatscript\src\testing.cpp(1185): warning C4459: declaration of 'topic' hides global declaration
         c:\chatscript\src\mainsystem.h(140): note: see declaration of 'topic'
     1>c:\chatscript\src\testing.cpp(1209): warning C4611: interaction between '_setjmp' and C++ object destruction is non-portable
     1>c:\chatscript\src\testing.cpp(1273): warning C4459: declaration of 'topic' hides global declaration
         c:\chatscript\src\mainsystem.h(140): note: see declaration of 'topic'
     1>c:\chatscript\src\testing.cpp(1351): warning C4459: declaration of 'topic' hides global declaration
         c:\chatscript\src\mainsystem.h(140): note: see declaration of 'topic'
     1>c:\chatscript\src\testing.cpp(1369): warning C4459: declaration of 'topic' hides global declaration
         c:\chatscript\src\mainsystem.h(140): note: see declaration of 'topic'
     1>c:\chatscript\src\testing.cpp(1529): warning C4456: declaration of 'pattern' hides previous local declaration
         c:\chatscript\src\testing.cpp(1508): note: see declaration of 'pattern'
     1>c:\chatscript\src\testing.cpp(1559): warning C4456: declaration of 'label' hides previous local declaration
         c:\chatscript\src\testing.cpp(1507): note: see declaration of 'label'
     1>c:\chatscript\src\testing.cpp(1598): warning C4456: declaration of 'label' hides previous local declaration
         c:\chatscript\src\testing.cpp(1507): note: see declaration of 'label'
     1>c:\chatscript\src\testing.cpp(1599): warning C4456: declaration of 'pattern' hides previous local declaration
         c:\chatscript\src\testing.cpp(1508): note: see declaration of 'pattern'
     1>c:\chatscript\src\testing.cpp(1609): warning C4456: declaration of 'result' hides previous local declaration
         c:\chatscript\src\testing.cpp(1517): note: see declaration of 'result'
     1>c:\chatscript\src\testing.cpp(1634): warning C4456: declaration of 'result' hides previous local declaration
         c:\chatscript\src\testing.cpp(1517): note: see declaration of 'result'
     1>c:\chatscript\src\testing.cpp(1725): warning C4456: declaration of 'junk' hides previous local declaration
         c:\chatscript\src\testing.cpp(1421): note: see declaration of 'junk'
     1>c:\chatscript\src\testing.cpp(1784): warning C4456: declaration of 'label' hides previous local declaration
         c:\chatscript\src\testing.cpp(1507): note: see declaration of 'label'
     1>c:\chatscript\src\testing.cpp(1814): warning C4459: declaration of 'topic' hides global declaration
         c:\chatscript\src\mainsystem.h(140): note: see declaration of 'topic'
     1>c:\chatscript\src\testing.cpp(1827): warning C4459: declaration of 'topic' hides global declaration
         c:\chatscript\src\mainsystem.h(140): note: see declaration of 'topic'
     1>c:\chatscript\src\testing.cpp(1843): warning C4459: declaration of 'topic' hides global declaration
         c:\chatscript\src\mainsystem.h(140): note: see declaration of 'topic'
     1>c:\chatscript\src\testing.cpp(2094): warning C4459: declaration of 'tags' hides global declaration
         c:\chatscript\src\tagger.h(53): note: see declaration of 'tags'
     1>c:\chatscript\src\testing.cpp(2163): warning C4456: declaration of 'word' hides previous local declaration
         c:\chatscript\src\testing.cpp(2033): note: see declaration of 'word'
     1>c:\chatscript\src\testing.cpp(2621): warning C4456: declaration of 'at' hides previous local declaration
         c:\chatscript\src\testing.cpp(2161): note: see declaration of 'at'
     1>c:\chatscript\src\testing.cpp(2627): warning C4456: declaration of 'word' hides previous local declaration
         c:\chatscript\src\testing.cpp(2163): note: see declaration of 'word'
     1>c:\chatscript\src\testing.cpp(2750): warning C4459: declaration of 'tags' hides global declaration
         c:\chatscript\src\tagger.h(53): note: see declaration of 'tags'
     1>c:\chatscript\src\testing.cpp(2757): warning C4456: declaration of 'word' hides previous local declaration
         c:\chatscript\src\testing.cpp(2742): note: see declaration of 'word'
     1>c:\chatscript\src\testing.cpp(2867): warning C4456: declaration of 'start' hides previous local declaration
         c:\chatscript\src\testing.cpp(2832): note: see declaration of 'start'
     1>c:\chatscript\src\testing.cpp(3257): warning C4457: declaration of 'ptr' hides function parameter
         c:\chatscript\src\testing.cpp(3132): note: see declaration of 'ptr'
     1>c:\chatscript\src\testing.cpp(3433): warning C4456: declaration of 'outfile' hides previous local declaration
         c:\chatscript\src\testing.cpp(3152): note: see declaration of 'outfile'
     1>c:\chatscript\src\testing.cpp(3530): warning C4456: declaration of 'at' hides previous local declaration
         c:\chatscript\src\testing.cpp(3256): note: see declaration of 'at'
     1>c:\chatscript\src\testing.cpp(3556): warning C4456: declaration of 'at' hides previous local declaration
         c:\chatscript\src\testing.cpp(3256): note: see declaration of 'at'
     1>c:\chatscript\src\testing.cpp(3686): warning C4456: declaration of 'end' hides previous local declaration
         c:\chatscript\src\testing.cpp(3494): note: see declaration of 'end'
     1>c:\chatscript\src\testing.cpp(3692): warning C4456: declaration of 'at' hides previous local declaration
         c:\chatscript\src\testing.cpp(3256): note: see declaration of 'at'
     1>c:\chatscript\src\testing.cpp(3727): warning C4456: declaration of 'end' hides previous local declaration
         c:\chatscript\src\testing.cpp(3494): note: see declaration of 'end'
     1>c:\chatscript\src\testing.cpp(3740): warning C4456: declaration of 'at' hides previous local declaration
         c:\chatscript\src\testing.cpp(3692): note: see declaration of 'at'
     1>c:\chatscript\src\testing.cpp(3775): warning C4456: declaration of 'end' hides previous local declaration
         c:\chatscript\src\testing.cpp(3494): note: see declaration of 'end'
     1>c:\chatscript\src\testing.cpp(3976): warning C4456: declaration of 'file' hides previous local declaration
         c:\chatscript\src\testing.cpp(3930): note: see declaration of 'file'
     1>c:\chatscript\src\testing.cpp(5063): warning C4456: declaration of 'D' hides previous local declaration
         c:\chatscript\src\testing.cpp(4994): note: see declaration of 'D'
     1>c:\chatscript\src\testing.cpp(5250): warning C4456: declaration of 'D' hides previous local declaration
         c:\chatscript\src\testing.cpp(5242): note: see declaration of 'D'
     1>c:\chatscript\src\testing.cpp(5497): warning C4456: declaration of 'restrict' hides previous local declaration
         c:\chatscript\src\testing.cpp(5466): note: see declaration of 'restrict'
     1>c:\chatscript\src\testing.cpp(5518): warning C4456: declaration of 'gloss' hides previous local declaration
         c:\chatscript\src\testing.cpp(5505): note: see declaration of 'gloss'
     1>c:\chatscript\src\testing.cpp(5534): warning C4456: declaration of 'index' hides previous local declaration
         c:\chatscript\src\testing.cpp(5467): note: see declaration of 'index'
     1>c:\chatscript\src\testing.cpp(5631): warning C4456: declaration of 'start' hides previous local declaration
         c:\chatscript\src\testing.cpp(5626): note: see declaration of 'start'
     1>c:\chatscript\src\testing.cpp(5632): warning C4456: declaration of 'end' hides previous local declaration
         c:\chatscript\src\testing.cpp(5627): note: see declaration of 'end'
     1>c:\chatscript\src\testing.cpp(5869): warning C4459: declaration of 'topic' hides global declaration
         c:\chatscript\src\mainsystem.h(140): note: see declaration of 'topic'
     1>c:\chatscript\src\testing.cpp(5916): warning C4459: declaration of 'topic' hides global declaration
         c:\chatscript\src\mainsystem.h(140): note: see declaration of 'topic'
     1>c:\chatscript\src\testing.cpp(5931): warning C4459: declaration of 'topic' hides global declaration
         c:\chatscript\src\mainsystem.h(140): note: see declaration of 'topic'
     1>c:\chatscript\src\testing.cpp(5953): warning C4459: declaration of 'topic' hides global declaration
         c:\chatscript\src\mainsystem.h(140): note: see declaration of 'topic'
     1>c:\chatscript\src\testing.cpp(6072): warning C4459: declaration of 'topic' hides global declaration
         c:\chatscript\src\mainsystem.h(140): note: see declaration of 'topic'
     1>c:\chatscript\src\testing.cpp(6118): warning C4459: declaration of 'topic' hides global declaration
         c:\chatscript\src\mainsystem.h(140): note: see declaration of 'topic'
     1>c:\chatscript\src\testing.cpp(6262): warning C4456: declaration of 'flags' hides previous local declaration
         c:\chatscript\src\testing.cpp(6256): note: see declaration of 'flags'
     1>c:\chatscript\src\testing.cpp(6339): warning C4457: declaration of 'F' hides function parameter
         c:\chatscript\src\testing.cpp(6316): note: see declaration of 'F'
     1>c:\chatscript\src\testing.cpp(6387): warning C4457: declaration of 'F' hides function parameter
         c:\chatscript\src\testing.cpp(6316): note: see declaration of 'F'
     1>c:\chatscript\src\testing.cpp(6396): warning C4457: declaration of 'M' hides function parameter
         c:\chatscript\src\testing.cpp(6316): note: see declaration of 'M'
     1>c:\chatscript\src\testing.cpp(6415): warning C4459: declaration of 'topic' hides global declaration
         c:\chatscript\src\mainsystem.h(140): note: see declaration of 'topic'
     1>c:\chatscript\src\testing.cpp(6473): warning C4459: declaration of 'all' hides global declaration
         c:\chatscript\src\mainsystem.h(121): note: see declaration of 'all'
     1>c:\chatscript\src\testing.cpp(6475): warning C4456: declaration of 'ptr' hides previous local declaration
         c:\chatscript\src\testing.cpp(6441): note: see declaration of 'ptr'
     1>c:\chatscript\src\testing.cpp(6660): warning C4459: declaration of 'all' hides global declaration
         c:\chatscript\src\mainsystem.h(121): note: see declaration of 'all'
     1>c:\chatscript\src\testing.cpp(6707): warning C4456: declaration of 'word' hides previous local declaration
         c:\chatscript\src\testing.cpp(6672): note: see declaration of 'word'
     1>c:\chatscript\src\testing.cpp(6719): warning C4456: declaration of 'word' hides previous local declaration
         c:\chatscript\src\testing.cpp(6672): note: see declaration of 'word'
     1>c:\chatscript\src\testing.cpp(6831): warning C4459: declaration of 'topic' hides global declaration
         c:\chatscript\src\mainsystem.h(140): note: see declaration of 'topic'
     1>c:\chatscript\src\testing.cpp(6958): warning C4334: '<<': result of 32-bit shift implicitly converted to 64 bits (was 64-bit shift intended?)
     1>c:\chatscript\src\testing.cpp(7107): warning C4459: declaration of 'topic' hides global declaration
         c:\chatscript\src\mainsystem.h(140): note: see declaration of 'topic'
     1>c:\chatscript\src\testing.cpp(7648): warning C4459: declaration of 'topic' hides global declaration
         c:\chatscript\src\mainsystem.h(140): note: see declaration of 'topic'
     1>c:\chatscript\src\testing.cpp(7811): warning C4459: declaration of 'topic' hides global declaration
         c:\chatscript\src\mainsystem.h(140): note: see declaration of 'topic'
     1>c:\chatscript\src\testing.cpp(7878): warning C4459: declaration of 'topic' hides global declaration
         c:\chatscript\src\mainsystem.h(140): note: see declaration of 'topic'
     1>c:\chatscript\src\testing.cpp(7970): warning C4459: declaration of 'apikey' hides global declaration
         c:\chatscript\src\mainsystem.h(87): note: see declaration of 'apikey'
     1>c:\chatscript\src\testing.cpp(8020): warning C4459: declaration of 'language' hides global declaration
         c:\chatscript\src\mainsystem.h(80): note: see declaration of 'language'
     1>c:\chatscript\src\testing.cpp(8157): warning C4456: declaration of 'ptr' hides previous local declaration
         c:\chatscript\src\testing.cpp(8056): note: see declaration of 'ptr'
     1>c:\chatscript\src\testing.cpp(8205): warning C4456: declaration of 'D' hides previous local declaration
         c:\chatscript\src\testing.cpp(8195): note: see declaration of 'D'
     1>c:\chatscript\src\testing.cpp(8217): warning C4459: declaration of 'topic' hides global declaration
         c:\chatscript\src\mainsystem.h(140): note: see declaration of 'topic'
     1>c:\chatscript\src\testing.cpp(8402): warning C4456: declaration of 'end' hides previous local declaration
         c:\chatscript\src\testing.cpp(8374): note: see declaration of 'end'
     1>c:\chatscript\src\testing.cpp(8415): warning C4456: declaration of 'word' hides previous local declaration
         c:\chatscript\src\testing.cpp(8355): note: see declaration of 'word'
     1>c:\chatscript\src\testing.cpp(8628): warning C4456: declaration of 'end' hides previous local declaration
         c:\chatscript\src\testing.cpp(8374): note: see declaration of 'end'
     1>c:\chatscript\src\testing.cpp(8686): warning C4456: declaration of 'D' hides previous local declaration
         c:\chatscript\src\testing.cpp(8354): note: see declaration of 'D'
     1>c:\chatscript\src\testing.cpp(8699): warning C4456: declaration of 'D' hides previous local declaration
         c:\chatscript\src\testing.cpp(8354): note: see declaration of 'D'
     1>c:\chatscript\src\testing.cpp(8704): warning C4456: declaration of 'word' hides previous local declaration
         c:\chatscript\src\testing.cpp(8355): note: see declaration of 'word'
     1>c:\chatscript\src\testing.cpp(8743): warning C4456: declaration of 'word' hides previous local declaration
         c:\chatscript\src\testing.cpp(8355): note: see declaration of 'word'
     1>c:\chatscript\src\testing.cpp(8753): warning C4456: declaration of 'word' hides previous local declaration
         c:\chatscript\src\testing.cpp(8355): note: see declaration of 'word'
     1>c:\chatscript\src\testing.cpp(8780): warning C4456: declaration of 'word' hides previous local declaration
         c:\chatscript\src\testing.cpp(8355): note: see declaration of 'word'
     1>c:\chatscript\src\testing.cpp(8796): warning C4456: declaration of 'word' hides previous local declaration
         c:\chatscript\src\testing.cpp(8355): note: see declaration of 'word'
     1>c:\chatscript\src\testing.cpp(8972): warning C4456: declaration of 'word' hides previous local declaration
         c:\chatscript\src\testing.cpp(8937): note: see declaration of 'word'
     1>c:\chatscript\src\testing.cpp(9033): warning C4459: declaration of 'err' hides global declaration
         c:\chatscript\src\testing.cpp(64): note: see declaration of 'err'
     1>c:\chatscript\src\testing.cpp(9146): warning C4459: declaration of 'language' hides global declaration
         c:\chatscript\src\mainsystem.h(80): note: see declaration of 'language'
     1>c:\chatscript\src\testing.cpp(9237): warning C4456: declaration of 'file' hides previous local declaration
         c:\chatscript\src\testing.cpp(9205): note: see declaration of 'file'
     1>c:\chatscript\src\testing.cpp(9255): warning C4459: declaration of 'topic' hides global declaration
         c:\chatscript\src\mainsystem.h(140): note: see declaration of 'topic'
     1>c:\chatscript\src\testing.cpp(9340): warning C4456: declaration of 'dot' hides previous local declaration
         c:\chatscript\src\testing.cpp(9323): note: see declaration of 'dot'
     1>c:\chatscript\src\testing.cpp(9377): warning C4456: declaration of 'file' hides previous local declaration
         c:\chatscript\src\testing.cpp(9205): note: see declaration of 'file'
     1>c:\chatscript\src\testing.cpp(9411): warning C4456: declaration of 'dot' hides previous local declaration
         c:\chatscript\src\testing.cpp(9390): note: see declaration of 'dot'
     1>c:\chatscript\src\testing.cpp(9414): warning C4456: declaration of 'c' hides previous local declaration
         c:\chatscript\src\testing.cpp(9402): note: see declaration of 'c'
         All outputs are up-to-date.
       Link:
         C:\Program Files (x86)\Microsoft Visual Studio 14.0\VC\bin\link.exe /ERRORREPORT:PROMPT /OUT:"..\BINARIES\ChatScriptpg.exe" /INCREMENTAL /NOLOGO kernel32.lib user32.lib gdi32.lib winspool.lib comdlg32.lib advapi32.lib shell32.lib ole32.lib oleaut32.lib uuid.lib odbc32.lib odbccp32.lib kernel32.lib user32.lib gdi32.lib winspool.lib comdlg32.lib advapi32.lib shell32.lib ole32.lib oleaut32.lib uuid.lib odbc32.lib odbccp32.lib /MANIFEST:NO /DEBUG /PDB:"C:\ChatScript\VS2015\..\BINARIES\ChatScriptpg.pdb" /SUBSYSTEM:CONSOLE /TLBID:1 /DYNAMICBASE /NXCOMPAT /IMPLIB:"C:\ChatScript\VS2015\..\BINARIES\ChatScriptpg.lib" /MACHINE:X86 "Debug Postgres\constructCode.obj"
         "Debug Postgres\csocket.obj"
         "Debug Postgres\cs_ev.obj"
         "Debug Postgres\dictionarySystem.obj"
         "Debug Postgres\english.obj"
         "Debug Postgres\englishtagger.obj"
         "Debug Postgres\evserver.obj"
         "Debug Postgres\factSystem.obj"
         "Debug Postgres\javascript.obj"
         "Debug Postgres\jsmn.obj"
         "Debug Postgres\json.obj"
         "Debug Postgres\mongodb.obj"
         "Debug Postgres\mysql.obj"
         "Debug Postgres\os.obj"
         "Debug Postgres\functionExecute.obj"
         "Debug Postgres\infer.obj"
         "Debug Postgres\mainSystem.obj"
         "Debug Postgres\markSystem.obj"
         "Debug Postgres\outputSystem.obj"
         "Debug Postgres\patternSystem.obj"
         "Debug Postgres\postgres.obj"
         "Debug Postgres\privatesrc.obj"
         "Debug Postgres\scriptCompile.obj"
         "Debug Postgres\secure.obj"
         "Debug Postgres\spellcheck.obj"
         "Debug Postgres\systemVariables.obj"
         "Debug Postgres\tagger.obj"
         "Debug Postgres\testing.obj"
         "Debug Postgres\textUtilities.obj"
         "Debug Postgres\tokenSystem.obj"
         "Debug Postgres\topicSystem.obj"
         "Debug Postgres\userCache.obj"
         "Debug Postgres\userSystem.obj"
         "Debug Postgres\variableSystem.obj"
         chatscript.vcxproj -> C:\ChatScript\VS2015\..\BINARIES\ChatScriptpg.exe
         chatscript.vcxproj -> C:\ChatScript\VS2015\..\BINARIES\ChatScriptpg.pdb (Full PDB)
       FinalizeBuildStatus:
         Deleting file "Debug Postgres\chatscript.tlog\unsuccessfulbuild".
         Touching "Debug Postgres\chatscript.tlog\chatscript.lastbuildstate".
     1>Done Building Project "C:\ChatScript\VS2015\chatscript.vcxproj" (Build target(s)).

Build succeeded.

Time Elapsed 00:00:03.37
