c:\chatscript\vs2015\debug treetagger\vc140.pdb
c:\chatscript\vs2015\debug treetagger\vc140.idb
c:\chatscript\vs2015\debug treetagger\functionexecute.obj
c:\chatscript\vs2015\debug treetagger\infer.obj
c:\chatscript\vs2015\debug treetagger\mainsystem.obj
c:\chatscript\vs2015\debug treetagger\marksystem.obj
c:\chatscript\vs2015\debug treetagger\outputsystem.obj
c:\chatscript\vs2015\debug treetagger\patternsystem.obj
c:\chatscript\vs2015\debug treetagger\postgres.obj
c:\chatscript\vs2015\debug treetagger\privatesrc.obj
c:\chatscript\vs2015\debug treetagger\scriptcompile.obj
c:\chatscript\vs2015\debug treetagger\secure.obj
c:\chatscript\vs2015\debug treetagger\spellcheck.obj
c:\chatscript\vs2015\debug treetagger\systemvariables.obj
c:\chatscript\vs2015\debug treetagger\tagger.obj
c:\chatscript\vs2015\debug treetagger\testing.obj
c:\chatscript\vs2015\debug treetagger\textutilities.obj
c:\chatscript\vs2015\debug treetagger\tokensystem.obj
c:\chatscript\vs2015\debug treetagger\topicsystem.obj
c:\chatscript\vs2015\debug treetagger\usercache.obj
c:\chatscript\vs2015\debug treetagger\usersystem.obj
c:\chatscript\vs2015\debug treetagger\variablesystem.obj
c:\chatscript\vs2015\debug treetagger\constructcode.obj
c:\chatscript\vs2015\debug treetagger\csocket.obj
c:\chatscript\vs2015\debug treetagger\dictionarysystem.obj
c:\chatscript\vs2015\debug treetagger\english.obj
c:\chatscript\vs2015\debug treetagger\englishtagger.obj
c:\chatscript\vs2015\debug treetagger\evserver.obj
c:\chatscript\vs2015\debug treetagger\factsystem.obj
c:\chatscript\vs2015\debug treetagger\javascript.obj
c:\chatscript\vs2015\debug treetagger\jsmn.obj
c:\chatscript\vs2015\debug treetagger\json.obj
c:\chatscript\vs2015\debug treetagger\mongodb.obj
c:\chatscript\vs2015\debug treetagger\mysql.obj
c:\chatscript\vs2015\debug treetagger\os.obj
c:\chatscript\vs2015\debug treetagger\cs_ev.obj
c:\chatscript\binaries\chatscript.ilk
c:\chatscript\binaries\chatscript.exe
c:\chatscript\binaries\chatscript.pdb
c:\chatscript\vs2015\..\binaries\chatscript.pdb
c:\chatscript\vs2015\..\binaries\chatscript.exe
c:\chatscript\vs2015\..\binaries\chatscript.ilk
c:\chatscript\vs2015\debug treetagger\chatscript.tlog\cl.command.1.tlog
c:\chatscript\vs2015\debug treetagger\chatscript.tlog\cl.read.1.tlog
c:\chatscript\vs2015\debug treetagger\chatscript.tlog\cl.write.1.tlog
c:\chatscript\vs2015\debug treetagger\chatscript.tlog\link.command.1.tlog
c:\chatscript\vs2015\debug treetagger\chatscript.tlog\link.read.1.tlog
c:\chatscript\vs2015\debug treetagger\chatscript.tlog\link.write.1.tlog
