Build started 1/28/2017 11:43:17 AM.
     1>Project "C:\ChatScript\VS2015\chatscript.vcxproj" on node 2 (Build target(s)).
     1>InitializeBuildStatus:
         Touching "Debug\chatscript.tlog\unsuccessfulbuild".
       ClCompile:
         All outputs are up-to-date.
         All outputs are up-to-date.
       Link:
         C:\Program Files (x86)\Microsoft Visual Studio 14.0\VC\bin\link.exe /ERRORREPORT:PROMPT /OUT:"..\BINARIES\chatscript.exe" /INCREMENTAL /NOLOGO /LIBPATH:c:/ChatScript/treetagger kernel32.lib user32.lib gdi32.lib winspool.lib comdlg32.lib advapi32.lib shell32.lib ole32.lib oleaut32.lib uuid.lib odbc32.lib odbccp32.lib kernel32.lib user32.lib gdi32.lib winspool.lib comdlg32.lib advapi32.lib shell32.lib ole32.lib oleaut32.lib uuid.lib odbc32.lib odbccp32.lib /MANIFEST:NO /DEBUG /PDB:"C:\ChatScript\VS2015\..\BINARIES\chatscript.pdb" /SUBSYSTEM:CONSOLE /TLBID:1 /DYNAMICBASE /NXCOMPAT /IMPLIB:"C:\ChatScript\VS2015\..\BINARIES\chatscript.lib" /MACHINE:X86 Debug\constructCode.obj
         Debug\csocket.obj
         Debug\cs_ev.obj
         Debug\dictionarySystem.obj
         Debug\english.obj
         Debug\englishtagger.obj
         Debug\evserver.obj
         Debug\factSystem.obj
         Debug\javascript.obj
         Debug\jsmn.obj
         Debug\json.obj
         Debug\mongodb.obj
         Debug\mysql.obj
         Debug\os.obj
         Debug\functionExecute.obj
         Debug\infer.obj
         Debug\mainSystem.obj
         Debug\markSystem.obj
         Debug\outputSystem.obj
         Debug\patternSystem.obj
         Debug\postgres.obj
         Debug\privatesrc.obj
         Debug\scriptCompile.obj
         Debug\secure.obj
         Debug\spellcheck.obj
         Debug\systemVariables.obj
         Debug\tagger.obj
         Debug\testing.obj
         Debug\textUtilities.obj
         Debug\tokenSystem.obj
         Debug\topicSystem.obj
         Debug\userCache.obj
         Debug\userSystem.obj
         Debug\variableSystem.obj
         chatscript.vcxproj -> C:\ChatScript\VS2015\..\BINARIES\chatscript.exe
         chatscript.vcxproj -> C:\ChatScript\VS2015\..\BINARIES\chatscript.pdb (Full PDB)
       FinalizeBuildStatus:
         Deleting file "Debug\chatscript.tlog\unsuccessfulbuild".
         Touching "Debug\chatscript.tlog\chatscript.lastbuildstate".
     1>Done Building Project "C:\ChatScript\VS2015\chatscript.vcxproj" (Build target(s)).

Build succeeded.

Time Elapsed 00:00:01.98
