c:\chatscript\vs2015\debug\vc140.pdb
c:\chatscript\vs2015\debug\vc140.idb
c:\chatscript\vs2015\debug\functionexecute.obj
c:\chatscript\vs2015\debug\infer.obj
c:\chatscript\vs2015\debug\mainsystem.obj
c:\chatscript\vs2015\debug\marksystem.obj
c:\chatscript\vs2015\debug\outputsystem.obj
c:\chatscript\vs2015\debug\patternsystem.obj
c:\chatscript\vs2015\debug\postgres.obj
c:\chatscript\vs2015\debug\privatesrc.obj
c:\chatscript\vs2015\debug\scriptcompile.obj
c:\chatscript\vs2015\debug\secure.obj
c:\chatscript\vs2015\debug\spellcheck.obj
c:\chatscript\vs2015\debug\systemvariables.obj
c:\chatscript\vs2015\debug\tagger.obj
c:\chatscript\vs2015\debug\testing.obj
c:\chatscript\vs2015\debug\textutilities.obj
c:\chatscript\vs2015\debug\tokensystem.obj
c:\chatscript\vs2015\debug\topicsystem.obj
c:\chatscript\vs2015\debug\usercache.obj
c:\chatscript\vs2015\debug\usersystem.obj
c:\chatscript\vs2015\debug\variablesystem.obj
c:\chatscript\vs2015\debug\constructcode.obj
c:\chatscript\vs2015\debug\csocket.obj
c:\chatscript\vs2015\debug\dictionarysystem.obj
c:\chatscript\vs2015\debug\english.obj
c:\chatscript\vs2015\debug\englishtagger.obj
c:\chatscript\vs2015\debug\evserver.obj
c:\chatscript\vs2015\debug\factsystem.obj
c:\chatscript\vs2015\debug\javascript.obj
c:\chatscript\vs2015\debug\jsmn.obj
c:\chatscript\vs2015\debug\json.obj
c:\chatscript\vs2015\debug\mongodb.obj
c:\chatscript\vs2015\debug\mysql.obj
c:\chatscript\vs2015\debug\os.obj
c:\chatscript\vs2015\debug\cs_ev.obj
c:\chatscript\binaries\chatscript.ilk
c:\chatscript\binaries\chatscript.exe
c:\chatscript\binaries\chatscript.pdb
c:\chatscript\vs2015\..\binaries\chatscript.pdb
c:\chatscript\vs2015\debug\chatscript.tlog\cl.command.1.tlog
c:\chatscript\vs2015\debug\chatscript.tlog\cl.read.1.tlog
c:\chatscript\vs2015\debug\chatscript.tlog\cl.write.1.tlog
c:\chatscript\vs2015\debug\chatscript.tlog\link.command.1.tlog
c:\chatscript\vs2015\debug\chatscript.tlog\link.read.1.tlog
c:\chatscript\vs2015\debug\chatscript.tlog\link.write.1.tlog
